2025-05-28 13:20:10 [ERROR] - Configuration reloaded successfully (RequestID: 3548)
2025-05-28 13:20:10 [INFO] - File not found in specified directory (RequestID: 4818)
2025-05-28 13:20:10 [WARN] - Cache invalidated for key 'user_data' (RequestID: 4844)
2025-05-28 13:20:10 [ERROR] - Authentication failed for user 'guest' (RequestID: 6527)
2025-05-28 13:20:10 [ERROR] - Configuration reloaded successfully (RequestID: 8265)
2025-05-28 13:20:10 [INFO] - File not found in specified directory (RequestID: 1251)
2025-05-28 13:20:10 [WARN] - File not found in specified directory (RequestID: 1627)
2025-05-28 13:20:10 [WARN] - Cache invalidated for key 'user_data' (RequestID: 9442)
2025-05-28 13:20:10 [INFO] - Database connection error: Could not connect to primary replica (RequestID: 1668)
2025-05-28 13:20:10 [ERROR] - User logged in successfully (RequestID: 5101)
2025-05-28 13:20:10 [WARN] - User logged in successfully (RequestID: 3443)
2025-05-28 13:20:10 [WARN] - File not found in specified directory (RequestID: 7830)
2025-05-28 13:20:10 [WARN] - Service restarted due to unhandled exception (RequestID: 7379)
2025-05-28 13:20:10 [WARN] - Processing batch of 100 items (RequestID: 2581)
2025-05-28 13:20:10 [INFO] - Resource limit exceeded for process (RequestID: 1491)
2025-05-28 13:20:10 [INFO] - API call received with invalid parameters (RequestID: 8358)
2025-05-28 13:20:10 [INFO] - Database connection error: Could not connect to primary replica (RequestID: 6255)
2025-05-28 13:20:10 [INFO] - Resource limit exceeded for process (RequestID: 9050)
2025-05-28 13:20:10 [INFO] - Resource limit exceeded for process (RequestID: 4033)
2025-05-28 13:20:10 [WARN] - Configuration reloaded successfully (RequestID: 5666)
2025-05-28 13:20:10 [WARN] - Configuration reloaded successfully (RequestID: 5976)
2025-05-28 13:20:10 [INFO] - User logged in successfully (RequestID: 6066)
2025-05-28 13:20:10 [INFO] - Configuration reloaded successfully (RequestID: 8028)
2025-05-28 13:20:10 [INFO] - Processing batch of 100 items (RequestID: 2131)
2025-05-28 13:20:10 [INFO] - File not found in specified directory (RequestID: 8982)
2025-05-28 13:20:10 [WARN] - Database connection error: Could not connect to primary replica (RequestID: 7279)
2025-05-28 13:20:10 [WARN] - Database connection error: Could not connect to primary replica (RequestID: 6658)
2025-05-28 13:20:10 [WARN] - Processing batch of 100 items (RequestID: 8064)
2025-05-28 13:20:10 [INFO] - File not found in specified directory (RequestID: 4563)
2025-05-28 13:20:10 [WARN] - API call received with invalid parameters (RequestID: 6116)
2025-05-28 13:20:10 [INFO] - Database connection error: Could not connect to primary replica (RequestID: 2279)
2025-05-28 13:20:10 [INFO] - File not found in specified directory (RequestID: 9010)
2025-05-28 13:20:10 [ERROR] - API call received with invalid parameters (RequestID: 6044)
2025-05-28 13:20:10 [ERROR] - Authentication failed for user 'guest' (RequestID: 5605)
2025-05-28 13:20:10 [WARN] - Processing batch of 100 items (RequestID: 1775)
2025-05-28 13:20:10 [INFO] - Resource limit exceeded for process (RequestID: 2933)
2025-05-28 13:20:10 [WARN] - Database connection error: Could not connect to primary replica (RequestID: 3984)
2025-05-28 13:20:10 [WARN] - Configuration reloaded successfully (RequestID: 4156)
2025-05-28 13:20:10 [ERROR] - Resource limit exceeded for process (RequestID: 1593)
2025-05-28 13:20:10 [WARN] - Processing batch of 100 items (RequestID: 2828)
2025-05-28 13:20:10 [INFO] - Resource limit exceeded for process (RequestID: 3752)
2025-05-28 13:20:10 [INFO] - API call received with invalid parameters (RequestID: 9920)
2025-05-28 13:20:10 [WARN] - Authentication failed for user 'guest' (RequestID: 7179)
2025-05-28 13:20:10 [WARN] - Service restarted due to unhandled exception (RequestID: 5839)
2025-05-28 13:20:10 [INFO] - Resource limit exceeded for process (RequestID: 3454)
2025-05-28 13:20:10 [ERROR] - Database connection error: Could not connect to primary replica (RequestID: 5738)
2025-05-28 13:20:10 [WARN] - API call received with invalid parameters (RequestID: 7754)
2025-05-28 13:20:10 [INFO] - Resource limit exceeded for process (RequestID: 9468)
2025-05-28 13:20:10 [WARN] - User logged in successfully (RequestID: 6196)
2025-05-28 13:20:10 [WARN] - File not found in specified directory (RequestID: 5000)
2025-05-28 13:20:10 [WARN] - Configuration reloaded successfully (RequestID: 9809)
2025-05-28 13:20:10 [WARN] - File not found in specified directory (RequestID: 9208)
2025-05-28 13:20:10 [INFO] - API call received with invalid parameters (RequestID: 8153)
2025-05-28 13:20:10 [WARN] - Database connection error: Could not connect to primary replica (RequestID: 1106)
2025-05-28 13:20:10 [WARN] - Cache invalidated for key 'user_data' (RequestID: 4532)
2025-05-28 13:20:10 [ERROR] - Processing batch of 100 items (RequestID: 7971)
2025-05-28 13:20:10 [INFO] - Authentication failed for user 'guest' (RequestID: 5362)
2025-05-28 13:20:10 [INFO] - Processing batch of 100 items (RequestID: 1455)
2025-05-28 13:20:10 [ERROR] - Resource limit exceeded for process (RequestID: 2752)
2025-05-28 13:20:10 [INFO] - Processing batch of 100 items (RequestID: 9510)
2025-05-28 13:20:10 [WARN] - User logged in successfully (RequestID: 3384)
2025-05-28 13:20:10 [WARN] - API call received with invalid parameters (RequestID: 9348)
2025-05-28 13:20:10 [ERROR] - API call received with invalid parameters (RequestID: 5831)
2025-05-28 13:20:10 [WARN] - File not found in specified directory (RequestID: 6139)
2025-05-28 13:20:10 [ERROR] - Database connection error: Could not connect to primary replica (RequestID: 9810)
2025-05-28 13:20:10 [ERROR] - Authentication failed for user 'guest' (RequestID: 1694)
2025-05-28 13:20:10 [INFO] - Cache invalidated for key 'user_data' (RequestID: 4609)
2025-05-28 13:20:10 [ERROR] - User logged in successfully (RequestID: 9208)
2025-05-28 13:20:10 [INFO] - Configuration reloaded successfully (RequestID: 6226)
2025-05-28 13:20:10 [WARN] - User logged in successfully (RequestID: 6443)
2025-05-28 13:20:10 [ERROR] - Processing batch of 100 items (RequestID: 5229)
2025-05-28 13:20:10 [WARN] - Database connection error: Could not connect to primary replica (RequestID: 9601)
2025-05-28 13:20:10 [INFO] - Resource limit exceeded for process (RequestID: 3980)
2025-05-28 13:20:10 [ERROR] - Resource limit exceeded for process (RequestID: 8458)
2025-05-28 13:20:10 [WARN] - Resource limit exceeded for process (RequestID: 8210)
2025-05-28 13:20:10 [INFO] - Cache invalidated for key 'user_data' (RequestID: 3258)
2025-05-28 13:20:10 [INFO] - User logged in successfully (RequestID: 8904)
2025-05-28 13:20:10 [WARN] - Cache invalidated for key 'user_data' (RequestID: 9015)
2025-05-28 13:20:10 [INFO] - Configuration reloaded successfully (RequestID: 2009)
2025-05-28 13:20:10 [INFO] - Configuration reloaded successfully (RequestID: 4285)
2025-05-28 13:20:10 [ERROR] - File not found in specified directory (RequestID: 4556)
2025-05-28 13:20:10 [INFO] - Configuration reloaded successfully (RequestID: 9544)
2025-05-28 13:20:10 [INFO] - Cache invalidated for key 'user_data' (RequestID: 5202)
2025-05-28 13:20:10 [WARN] - User logged in successfully (RequestID: 8972)
2025-05-28 13:20:10 [WARN] - API call received with invalid parameters (RequestID: 3245)
2025-05-28 13:20:10 [INFO] - API call received with invalid parameters (RequestID: 7544)
2025-05-28 13:20:10 [ERROR] - Resource limit exceeded for process (RequestID: 2521)
2025-05-28 13:20:10 [WARN] - Database connection error: Could not connect to primary replica (RequestID: 8549)
2025-05-28 13:20:10 [INFO] - File not found in specified directory (RequestID: 8440)
2025-05-28 13:20:10 [INFO] - Authentication failed for user 'guest' (RequestID: 7847)
2025-05-28 13:20:10 [INFO] - Resource limit exceeded for process (RequestID: 6075)
2025-05-28 13:20:10 [WARN] - File not found in specified directory (RequestID: 1370)
2025-05-28 13:20:10 [INFO] - API call received with invalid parameters (RequestID: 8479)
2025-05-28 13:20:10 [WARN] - Authentication failed for user 'guest' (RequestID: 2948)
2025-05-28 13:20:10 [WARN] - API call received with invalid parameters (RequestID: 5009)
2025-05-28 13:20:10 [INFO] - Cache invalidated for key 'user_data' (RequestID: 9629)
2025-05-28 13:20:10 [ERROR] - Configuration reloaded successfully (RequestID: 5527)
2025-05-28 13:20:10 [INFO] - File not found in specified directory (RequestID: 5355)
2025-05-28 13:20:10 [WARN] - Authentication failed for user 'guest' (RequestID: 7928)
2025-05-28 13:20:10 [WARN] - Processing batch of 100 items (RequestID: 8544)
2025-05-28 13:20:10 [ERROR] - Authentication failed for user 'guest' (RequestID: 5859)
2025-05-28 13:20:10 [WARN] - User logged in successfully (RequestID: 6992)
2025-05-28 13:20:10 [ERROR] - Database connection error: Could not connect to primary replica (RequestID: 3495)
2025-05-28 13:20:10 [WARN] - File not found in specified directory (RequestID: 4110)
2025-05-28 13:20:10 [INFO] - Database connection error: Could not connect to primary replica (RequestID: 5942)
2025-05-28 13:20:10 [INFO] - Configuration reloaded successfully (RequestID: 3711)
2025-05-28 13:20:10 [ERROR] - Processing batch of 100 items (RequestID: 3408)
2025-05-28 13:20:10 [WARN] - Service restarted due to unhandled exception (RequestID: 1088)
2025-05-28 13:20:10 [ERROR] - File not found in specified directory (RequestID: 5399)
2025-05-28 13:20:10 [INFO] - File not found in specified directory (RequestID: 8912)
2025-05-28 13:20:10 [ERROR] - Processing batch of 100 items (RequestID: 5091)
2025-05-28 13:20:10 [ERROR] - Resource limit exceeded for process (RequestID: 6847)
2025-05-28 13:20:10 [WARN] - Authentication failed for user 'guest' (RequestID: 6810)
2025-05-28 13:20:10 [WARN] - Resource limit exceeded for process (RequestID: 5425)
2025-05-28 13:20:10 [ERROR] - File not found in specified directory (RequestID: 1462)
2025-05-28 13:20:10 [INFO] - User logged in successfully (RequestID: 7127)
2025-05-28 13:20:10 [WARN] - User logged in successfully (RequestID: 7967)
2025-05-28 13:20:10 [INFO] - User logged in successfully (RequestID: 5692)
2025-05-28 13:20:10 [INFO] - Processing batch of 100 items (RequestID: 4046)
2025-05-28 13:20:10 [ERROR] - User logged in successfully (RequestID: 3645)
2025-05-28 13:20:10 [INFO] - Configuration reloaded successfully (RequestID: 3326)
2025-05-28 13:20:10 [INFO] - Configuration reloaded successfully (RequestID: 7555)
2025-05-28 13:20:10 [WARN] - File not found in specified directory (RequestID: 2055)
2025-05-28 13:20:10 [WARN] - Resource limit exceeded for process (RequestID: 4892)
2025-05-28 13:20:10 [WARN] - Processing batch of 100 items (RequestID: 5495)
2025-05-28 13:20:10 [WARN] - API call received with invalid parameters (RequestID: 8357)
2025-05-28 13:20:10 [INFO] - Configuration reloaded successfully (RequestID: 4986)
2025-05-28 13:20:10 [INFO] - Processing batch of 100 items (RequestID: 2467)
2025-05-28 13:20:10 [INFO] - User logged in successfully (RequestID: 6292)
2025-05-28 13:20:10 [WARN] - Authentication failed for user 'guest' (RequestID: 3727)
2025-05-28 13:20:10 [ERROR] - API call received with invalid parameters (RequestID: 1481)
2025-05-28 13:20:10 [ERROR] - Configuration reloaded successfully (RequestID: 4628)
2025-05-28 13:20:10 [WARN] - Processing batch of 100 items (RequestID: 5417)
2025-05-28 13:20:10 [ERROR] - Database connection error: Could not connect to primary replica (RequestID: 9279)
2025-05-28 13:20:10 [INFO] - Cache invalidated for key 'user_data' (RequestID: 6163)
2025-05-28 13:20:10 [WARN] - User logged in successfully (RequestID: 9841)
2025-05-28 13:20:10 [ERROR] - Authentication failed for user 'guest' (RequestID: 5446)
2025-05-28 13:20:10 [INFO] - Database connection error: Could not connect to primary replica (RequestID: 1817)
2025-05-28 13:20:10 [INFO] - Configuration reloaded successfully (RequestID: 8837)
2025-05-28 13:20:10 [ERROR] - Authentication failed for user 'guest' (RequestID: 8545)
2025-05-28 13:20:10 [WARN] - Authentication failed for user 'guest' (RequestID: 4539)
2025-05-28 13:20:10 [WARN] - File not found in specified directory (RequestID: 6556)
2025-05-28 13:20:10 [INFO] - Cache invalidated for key 'user_data' (RequestID: 3922)
2025-05-28 13:20:10 [ERROR] - Service restarted due to unhandled exception (RequestID: 6803)
2025-05-28 13:20:10 [ERROR] - Resource limit exceeded for process (RequestID: 4760)
2025-05-28 13:20:10 [INFO] - Resource limit exceeded for process (RequestID: 2308)
2025-05-28 13:20:10 [INFO] - Service restarted due to unhandled exception (RequestID: 7753)
2025-05-28 13:20:10 [ERROR] - Configuration reloaded successfully (RequestID: 3551)
2025-05-28 13:20:10 [ERROR] - User logged in successfully (RequestID: 1582)
2025-05-28 13:20:10 [WARN] - API call received with invalid parameters (RequestID: 4297)
2025-05-28 13:20:10 [ERROR] - Cache invalidated for key 'user_data' (RequestID: 3184)
2025-05-28 13:20:10 [ERROR] - User logged in successfully (RequestID: 8556)
2025-05-28 13:20:10 [INFO] - Processing batch of 100 items (RequestID: 3433)
2025-05-28 13:20:10 [WARN] - Database connection error: Could not connect to primary replica (RequestID: 2995)
2025-05-28 13:20:10 [INFO] - Service restarted due to unhandled exception (RequestID: 5319)
2025-05-28 13:20:10 [ERROR] - Cache invalidated for key 'user_data' (RequestID: 8845)
2025-05-28 13:20:10 [ERROR] - File not found in specified directory (RequestID: 7478)
2025-05-28 13:20:10 [ERROR] - User logged in successfully (RequestID: 4190)
2025-05-28 13:20:10 [ERROR] - Service restarted due to unhandled exception (RequestID: 1693)
2025-05-28 13:20:10 [INFO] - Service restarted due to unhandled exception (RequestID: 7604)
2025-05-28 13:20:10 [ERROR] - File not found in specified directory (RequestID: 8862)
2025-05-28 13:20:10 [WARN] - File not found in specified directory (RequestID: 8841)
2025-05-28 13:20:10 [WARN] - API call received with invalid parameters (RequestID: 4225)
2025-05-28 13:20:10 [INFO] - Configuration reloaded successfully (RequestID: 2765)
2025-05-28 13:20:10 [INFO] - Resource limit exceeded for process (RequestID: 3387)
2025-05-28 13:20:10 [INFO] - File not found in specified directory (RequestID: 3323)
2025-05-28 13:20:10 [WARN] - Service restarted due to unhandled exception (RequestID: 1541)
2025-05-28 13:20:10 [ERROR] - Database connection error: Could not connect to primary replica (RequestID: 8237)
2025-05-28 13:20:10 [WARN] - Configuration reloaded successfully (RequestID: 9287)
2025-05-28 13:20:10 [ERROR] - Database connection error: Could not connect to primary replica (RequestID: 4785)
2025-05-28 13:20:10 [ERROR] - Database connection error: Could not connect to primary replica (RequestID: 9542)
2025-05-28 13:20:10 [WARN] - Resource limit exceeded for process (RequestID: 4806)
2025-05-28 13:20:10 [ERROR] - Resource limit exceeded for process (RequestID: 9697)
2025-05-28 13:20:10 [WARN] - API call received with invalid parameters (RequestID: 1600)
2025-05-28 13:20:10 [ERROR] - Processing batch of 100 items (RequestID: 5531)
2025-05-28 13:20:10 [INFO] - Authentication failed for user 'guest' (RequestID: 8468)
2025-05-28 13:20:10 [INFO] - Authentication failed for user 'guest' (RequestID: 1269)
2025-05-28 13:20:10 [ERROR] - Database connection error: Could not connect to primary replica (RequestID: 7089)
2025-05-28 13:20:10 [WARN] - Cache invalidated for key 'user_data' (RequestID: 8855)
2025-05-28 13:20:10 [WARN] - User logged in successfully (RequestID: 5011)
2025-05-28 13:20:10 [WARN] - User logged in successfully (RequestID: 7620)
2025-05-28 13:20:10 [WARN] - Configuration reloaded successfully (RequestID: 8480)
2025-05-28 13:20:10 [ERROR] - File not found in specified directory (RequestID: 1646)
2025-05-28 13:20:10 [WARN] - Cache invalidated for key 'user_data' (RequestID: 4105)
2025-05-28 13:20:10 [ERROR] - Resource limit exceeded for process (RequestID: 9469)
2025-05-28 13:20:10 [INFO] - Resource limit exceeded for process (RequestID: 1600)
2025-05-28 13:20:10 [WARN] - Service restarted due to unhandled exception (RequestID: 8156)
2025-05-28 13:20:10 [ERROR] - File not found in specified directory (RequestID: 4283)
2025-05-28 13:20:10 [ERROR] - Cache invalidated for key 'user_data' (RequestID: 2547)
2025-05-28 13:20:10 [INFO] - Database connection error: Could not connect to primary replica (RequestID: 1706)
2025-05-28 13:20:10 [WARN] - Cache invalidated for key 'user_data' (RequestID: 8749)
2025-05-28 13:20:10 [INFO] - User logged in successfully (RequestID: 7491)
2025-05-28 13:20:10 [INFO] - Configuration reloaded successfully (RequestID: 4252)
2025-05-28 13:20:10 [INFO] - User logged in successfully (RequestID: 5808)
2025-05-28 13:20:10 [ERROR] - Resource limit exceeded for process (RequestID: 4858)
2025-05-28 13:20:10 [INFO] - Processing batch of 100 items (RequestID: 9730)
2025-05-28 13:20:10 [ERROR] - User logged in successfully (RequestID: 5723)
2025-05-28 13:20:10 [ERROR] - Authentication failed for user 'guest' (RequestID: 4871)
2025-05-28 13:20:10 [WARN] - API call received with invalid parameters (RequestID: 5175)
2025-05-28 13:20:10 [INFO] - User logged in successfully (RequestID: 3966)
2025-05-28 13:20:10 [WARN] - Service restarted due to unhandled exception (RequestID: 8011)
2025-05-28 13:20:10 [INFO] - API call received with invalid parameters (RequestID: 1723)
2025-05-28 13:20:10 [INFO] - Processing batch of 100 items (RequestID: 5291)
2025-05-28 13:20:10 [ERROR] - Authentication failed for user 'guest' (RequestID: 8285)
2025-05-28 13:20:10 [INFO] - User logged in successfully (RequestID: 7426)
2025-05-28 13:20:10 [WARN] - Cache invalidated for key 'user_data' (RequestID: 4986)
2025-05-28 13:20:10 [WARN] - Cache invalidated for key 'user_data' (RequestID: 9408)
2025-05-28 13:20:10 [INFO] - Processing batch of 100 items (RequestID: 1614)
2025-05-28 13:20:10 [WARN] - Processing batch of 100 items (RequestID: 7019)
2025-05-28 13:20:10 [ERROR] - User logged in successfully (RequestID: 8002)
2025-05-28 13:20:10 [ERROR] - Cache invalidated for key 'user_data' (RequestID: 2784)
2025-05-28 13:20:10 [WARN] - API call received with invalid parameters (RequestID: 4168)
2025-05-28 13:20:10 [WARN] - Service restarted due to unhandled exception (RequestID: 9731)
2025-05-28 13:20:10 [INFO] - File not found in specified directory (RequestID: 1364)
2025-05-28 13:20:10 [ERROR] - Cache invalidated for key 'user_data' (RequestID: 3360)
2025-05-28 13:20:10 [INFO] - Resource limit exceeded for process (RequestID: 7372)
2025-05-28 13:20:10 [WARN] - Processing batch of 100 items (RequestID: 4480)
2025-05-28 13:20:10 [ERROR] - File not found in specified directory (RequestID: 6592)
2025-05-28 13:20:10 [WARN] - Cache invalidated for key 'user_data' (RequestID: 8766)
2025-05-28 13:20:10 [ERROR] - File not found in specified directory (RequestID: 9496)
2025-05-28 13:20:10 [ERROR] - API call received with invalid parameters (RequestID: 2686)
2025-05-28 13:20:10 [INFO] - User logged in successfully (RequestID: 5832)
2025-05-28 13:20:10 [WARN] - Cache invalidated for key 'user_data' (RequestID: 2982)
2025-05-28 13:20:10 [ERROR] - API call received with invalid parameters (RequestID: 2794)
2025-05-28 13:20:10 [INFO] - Database connection error: Could not connect to primary replica (RequestID: 1440)
2025-05-28 13:20:10 [ERROR] - File not found in specified directory (RequestID: 5780)
2025-05-28 13:20:10 [INFO] - Cache invalidated for key 'user_data' (RequestID: 4471)
2025-05-28 13:20:10 [INFO] - Service restarted due to unhandled exception (RequestID: 9912)
2025-05-28 13:20:10 [ERROR] - Resource limit exceeded for process (RequestID: 1227)
2025-05-28 13:20:10 [WARN] - API call received with invalid parameters (RequestID: 2262)
2025-05-28 13:20:10 [INFO] - Database connection error: Could not connect to primary replica (RequestID: 3496)
2025-05-28 13:20:10 [INFO] - API call received with invalid parameters (RequestID: 7621)
2025-05-28 13:20:10 [INFO] - Configuration reloaded successfully (RequestID: 7414)
2025-05-28 13:20:10 [ERROR] - Authentication failed for user 'guest' (RequestID: 8156)
2025-05-28 13:20:10 [ERROR] - API call received with invalid parameters (RequestID: 7057)
2025-05-28 13:20:10 [WARN] - Resource limit exceeded for process (RequestID: 4439)
2025-05-28 13:20:10 [WARN] - Authentication failed for user 'guest' (RequestID: 9109)
2025-05-28 13:20:10 [INFO] - API call received with invalid parameters (RequestID: 1283)
2025-05-28 13:20:10 [INFO] - API call received with invalid parameters (RequestID: 5980)
2025-05-28 13:20:10 [ERROR] - File not found in specified directory (RequestID: 7182)
2025-05-28 13:20:10 [ERROR] - User logged in successfully (RequestID: 1531)
2025-05-28 13:20:10 [WARN] - User logged in successfully (RequestID: 8651)
2025-05-28 13:20:10 [ERROR] - Authentication failed for user 'guest' (RequestID: 2526)
2025-05-28 13:20:10 [ERROR] - User logged in successfully (RequestID: 3423)
2025-05-28 13:20:10 [WARN] - Resource limit exceeded for process (RequestID: 2645)
2025-05-28 13:20:10 [WARN] - Cache invalidated for key 'user_data' (RequestID: 4449)
2025-05-28 13:20:10 [WARN] - API call received with invalid parameters (RequestID: 2589)
2025-05-28 13:20:10 [WARN] - Configuration reloaded successfully (RequestID: 8829)
2025-05-28 13:20:10 [INFO] - Processing batch of 100 items (RequestID: 7904)
2025-05-28 13:20:10 [ERROR] - Service restarted due to unhandled exception (RequestID: 7306)
2025-05-28 13:20:10 [WARN] - Cache invalidated for key 'user_data' (RequestID: 6326)
2025-05-28 13:20:10 [INFO] - File not found in specified directory (RequestID: 8171)
2025-05-28 13:20:10 [WARN] - File not found in specified directory (RequestID: 9044)
2025-05-28 13:20:10 [ERROR] - File not found in specified directory (RequestID: 5061)
2025-05-28 13:20:10 [WARN] - File not found in specified directory (RequestID: 9394)
2025-05-28 13:20:10 [ERROR] - Processing batch of 100 items (RequestID: 9531)
2025-05-28 13:20:10 [ERROR] - Configuration reloaded successfully (RequestID: 1428)
2025-05-28 13:20:10 [WARN] - Configuration reloaded successfully (RequestID: 2466)
2025-05-28 13:20:10 [WARN] - Authentication failed for user 'guest' (RequestID: 7489)
2025-05-28 13:20:10 [ERROR] - User logged in successfully (RequestID: 4589)
2025-05-28 13:20:10 [WARN] - Database connection error: Could not connect to primary replica (RequestID: 6524)
2025-05-28 13:20:10 [ERROR] - Database connection error: Could not connect to primary replica (RequestID: 9231)
2025-05-28 13:20:10 [ERROR] - Database connection error: Could not connect to primary replica (RequestID: 2028)
2025-05-28 13:20:10 [ERROR] - Authentication failed for user 'guest' (RequestID: 9090)
2025-05-28 13:20:10 [WARN] - Database connection error: Could not connect to primary replica (RequestID: 8304)
2025-05-28 13:20:10 [INFO] - Configuration reloaded successfully (RequestID: 7320)
2025-05-28 13:20:10 [INFO] - Configuration reloaded successfully (RequestID: 6811)
2025-05-28 13:20:10 [INFO] - User logged in successfully (RequestID: 4882)
2025-05-28 13:20:10 [ERROR] - User logged in successfully (RequestID: 9693)
2025-05-28 13:20:10 [ERROR] - Authentication failed for user 'guest' (RequestID: 2324)
2025-05-28 13:20:10 [INFO] - Database connection error: Could not connect to primary replica (RequestID: 8191)
2025-05-28 13:20:10 [WARN] - Configuration reloaded successfully (RequestID: 6798)
2025-05-28 13:20:10 [WARN] - Database connection error: Could not connect to primary replica (RequestID: 4986)
2025-05-28 13:20:10 [INFO] - File not found in specified directory (RequestID: 4090)
2025-05-28 13:20:10 [WARN] - API call received with invalid parameters (RequestID: 8572)
2025-05-28 13:20:10 [ERROR] - Authentication failed for user 'guest' (RequestID: 4295)
2025-05-28 13:20:10 [ERROR] - Processing batch of 100 items (RequestID: 2849)
2025-05-28 13:20:10 [WARN] - API call received with invalid parameters (RequestID: 4583)
2025-05-28 13:20:10 [INFO] - Service restarted due to unhandled exception (RequestID: 5775)
2025-05-28 13:20:10 [ERROR] - Cache invalidated for key 'user_data' (RequestID: 2591)
2025-05-28 13:20:10 [ERROR] - File not found in specified directory (RequestID: 4660)
2025-05-28 13:20:10 [ERROR] - Cache invalidated for key 'user_data' (RequestID: 1654)
2025-05-28 13:20:10 [INFO] - Processing batch of 100 items (RequestID: 3389)
2025-05-28 13:20:10 [ERROR] - Cache invalidated for key 'user_data' (RequestID: 2328)
2025-05-28 13:20:10 [WARN] - Processing batch of 100 items (RequestID: 6090)
2025-05-28 13:20:10 [INFO] - Configuration reloaded successfully (RequestID: 3065)
2025-05-28 13:20:10 [ERROR] - Resource limit exceeded for process (RequestID: 1201)
2025-05-28 13:20:10 [WARN] - Authentication failed for user 'guest' (RequestID: 3708)
2025-05-28 13:20:10 [ERROR] - File not found in specified directory (RequestID: 7182)
2025-05-28 13:20:10 [ERROR] - Processing batch of 100 items (RequestID: 4441)
2025-05-28 13:20:10 [INFO] - Resource limit exceeded for process (RequestID: 3960)
2025-05-28 13:20:10 [ERROR] - File not found in specified directory (RequestID: 1005)
2025-05-28 13:20:10 [INFO] - API call received with invalid parameters (RequestID: 6692)
2025-05-28 13:20:10 [ERROR] - Resource limit exceeded for process (RequestID: 7156)
2025-05-28 13:20:10 [INFO] - Authentication failed for user 'guest' (RequestID: 9309)
2025-05-28 13:20:10 [ERROR] - Database connection error: Could not connect to primary replica (RequestID: 9444)
2025-05-28 13:20:10 [WARN] - User logged in successfully (RequestID: 5025)
2025-05-28 13:20:10 [WARN] - Service restarted due to unhandled exception (RequestID: 8665)
2025-05-28 13:20:10 [ERROR] - Resource limit exceeded for process (RequestID: 7853)
2025-05-28 13:20:10 [ERROR] - Database connection error: Could not connect to primary replica (RequestID: 9932)
2025-05-28 13:20:10 [INFO] - Resource limit exceeded for process (RequestID: 5581)
2025-05-28 13:20:10 [INFO] - Database connection error: Could not connect to primary replica (RequestID: 7451)
2025-05-28 13:20:10 [WARN] - Authentication failed for user 'guest' (RequestID: 3218)
2025-05-28 13:20:10 [ERROR] - Database connection error: Could not connect to primary replica (RequestID: 9470)
2025-05-28 13:20:10 [WARN] - API call received with invalid parameters (RequestID: 7422)
2025-05-28 13:20:10 [ERROR] - Processing batch of 100 items (RequestID: 3641)
2025-05-28 13:20:10 [WARN] - User logged in successfully (RequestID: 4770)
2025-05-28 13:20:10 [WARN] - User logged in successfully (RequestID: 4366)
2025-05-28 13:20:10 [ERROR] - API call received with invalid parameters (RequestID: 5755)
2025-05-28 13:20:10 [ERROR] - Service restarted due to unhandled exception (RequestID: 1718)
2025-05-28 13:20:10 [ERROR] - Resource limit exceeded for process (RequestID: 9953)
2025-05-28 13:20:10 [ERROR] - Authentication failed for user 'guest' (RequestID: 1470)
2025-05-28 13:20:10 [INFO] - Processing batch of 100 items (RequestID: 6633)
2025-05-28 13:20:10 [INFO] - API call received with invalid parameters (RequestID: 7828)
2025-05-28 13:20:10 [WARN] - File not found in specified directory (RequestID: 8129)
2025-05-28 13:20:10 [WARN] - Authentication failed for user 'guest' (RequestID: 1020)
2025-05-28 13:20:10 [WARN] - Processing batch of 100 items (RequestID: 1018)
2025-05-28 13:20:10 [ERROR] - Database connection error: Could not connect to primary replica (RequestID: 5129)
2025-05-28 13:20:10 [ERROR] - API call received with invalid parameters (RequestID: 2292)
2025-05-28 13:20:10 [ERROR] - File not found in specified directory (RequestID: 9959)
2025-05-28 13:20:10 [ERROR] - Service restarted due to unhandled exception (RequestID: 3550)
2025-05-28 13:20:10 [WARN] - File not found in specified directory (RequestID: 7136)
2025-05-28 13:20:10 [ERROR] - Cache invalidated for key 'user_data' (RequestID: 8533)
2025-05-28 13:20:10 [INFO] - Processing batch of 100 items (RequestID: 9621)
2025-05-28 13:20:10 [INFO] - Cache invalidated for key 'user_data' (RequestID: 2658)
2025-05-28 13:20:10 [INFO] - Authentication failed for user 'guest' (RequestID: 4636)
2025-05-28 13:20:10 [INFO] - Service restarted due to unhandled exception (RequestID: 1297)
2025-05-28 13:20:10 [ERROR] - Resource limit exceeded for process (RequestID: 3923)
2025-05-28 13:20:10 [ERROR] - File not found in specified directory (RequestID: 8436)
2025-05-28 13:20:10 [ERROR] - File not found in specified directory (RequestID: 8049)
2025-05-28 13:20:10 [WARN] - File not found in specified directory (RequestID: 5626)
2025-05-28 13:20:10 [ERROR] - Configuration reloaded successfully (RequestID: 5760)
2025-05-28 13:20:10 [WARN] - API call received with invalid parameters (RequestID: 1415)
2025-05-28 13:20:10 [INFO] - Resource limit exceeded for process (RequestID: 5674)
2025-05-28 13:20:10 [INFO] - Cache invalidated for key 'user_data' (RequestID: 8695)
2025-05-28 13:20:10 [INFO] - Processing batch of 100 items (RequestID: 5023)
2025-05-28 13:20:10 [WARN] - Resource limit exceeded for process (RequestID: 4346)
2025-05-28 13:20:10 [WARN] - Database connection error: Could not connect to primary replica (RequestID: 6356)
2025-05-28 13:20:10 [INFO] - Service restarted due to unhandled exception (RequestID: 7288)
2025-05-28 13:20:10 [WARN] - API call received with invalid parameters (RequestID: 5384)
2025-05-28 13:20:10 [ERROR] - Service restarted due to unhandled exception (RequestID: 7470)
2025-05-28 13:20:10 [INFO] - File not found in specified directory (RequestID: 8840)
2025-05-28 13:20:10 [INFO] - File not found in specified directory (RequestID: 3995)
2025-05-28 13:20:10 [ERROR] - Processing batch of 100 items (RequestID: 8684)
2025-05-28 13:20:10 [INFO] - Configuration reloaded successfully (RequestID: 5614)
2025-05-28 13:20:10 [ERROR] - Resource limit exceeded for process (RequestID: 7848)
2025-05-28 13:20:10 [ERROR] - Processing batch of 100 items (RequestID: 9235)
2025-05-28 13:20:10 [INFO] - Processing batch of 100 items (RequestID: 8221)
2025-05-28 13:20:10 [WARN] - Cache invalidated for key 'user_data' (RequestID: 4861)
2025-05-28 13:20:10 [ERROR] - Cache invalidated for key 'user_data' (RequestID: 3700)
2025-05-28 13:20:10 [ERROR] - Database connection error: Could not connect to primary replica (RequestID: 8125)
2025-05-28 13:20:10 [WARN] - Cache invalidated for key 'user_data' (RequestID: 8914)
2025-05-28 13:20:10 [ERROR] - Resource limit exceeded for process (RequestID: 8087)
2025-05-28 13:20:10 [INFO] - Authentication failed for user 'guest' (RequestID: 5627)
2025-05-28 13:20:10 [INFO] - Processing batch of 100 items (RequestID: 9332)
2025-05-28 13:20:10 [INFO] - Processing batch of 100 items (RequestID: 9810)
2025-05-28 13:20:10 [WARN] - Configuration reloaded successfully (RequestID: 5323)
2025-05-28 13:20:10 [INFO] - Database connection error: Could not connect to primary replica (RequestID: 4024)
2025-05-28 13:20:10 [INFO] - Configuration reloaded successfully (RequestID: 3626)
2025-05-28 13:20:10 [INFO] - User logged in successfully (RequestID: 4143)
2025-05-28 13:20:10 [ERROR] - API call received with invalid parameters (RequestID: 8748)
2025-05-28 13:20:10 [INFO] - Resource limit exceeded for process (RequestID: 7289)
2025-05-28 13:20:10 [ERROR] - File not found in specified directory (RequestID: 1802)
2025-05-28 13:20:10 [ERROR] - API call received with invalid parameters (RequestID: 6178)
2025-05-28 13:20:10 [WARN] - Database connection error: Could not connect to primary replica (RequestID: 4076)
2025-05-28 13:20:10 [INFO] - Cache invalidated for key 'user_data' (RequestID: 4577)
2025-05-28 13:20:10 [INFO] - User logged in successfully (RequestID: 6538)
2025-05-28 13:20:10 [INFO] - File not found in specified directory (RequestID: 6008)
2025-05-28 13:20:10 [INFO] - Database connection error: Could not connect to primary replica (RequestID: 6644)
2025-05-28 13:20:10 [INFO] - User logged in successfully (RequestID: 7178)
2025-05-28 13:20:10 [WARN] - User logged in successfully (RequestID: 8999)
2025-05-28 13:20:10 [WARN] - Authentication failed for user 'guest' (RequestID: 8104)
2025-05-28 13:20:10 [WARN] - Configuration reloaded successfully (RequestID: 7391)
2025-05-28 13:20:10 [INFO] - Resource limit exceeded for process (RequestID: 5262)
2025-05-28 13:20:10 [WARN] - Configuration reloaded successfully (RequestID: 3682)
2025-05-28 13:20:10 [WARN] - Database connection error: Could not connect to primary replica (RequestID: 7398)
2025-05-28 13:20:10 [INFO] - File not found in specified directory (RequestID: 2845)
2025-05-28 13:20:10 [WARN] - File not found in specified directory (RequestID: 6925)
2025-05-28 13:20:10 [INFO] - API call received with invalid parameters (RequestID: 5535)
2025-05-28 13:20:10 [INFO] - User logged in successfully (RequestID: 5310)
2025-05-28 13:20:10 [INFO] - Processing batch of 100 items (RequestID: 6963)
2025-05-28 13:20:10 [WARN] - Cache invalidated for key 'user_data' (RequestID: 5185)
2025-05-28 13:20:10 [INFO] - Configuration reloaded successfully (RequestID: 2953)
2025-05-28 13:20:10 [INFO] - File not found in specified directory (RequestID: 4684)
2025-05-28 13:20:10 [INFO] - API call received with invalid parameters (RequestID: 7685)
2025-05-28 13:20:10 [ERROR] - Resource limit exceeded for process (RequestID: 9076)
2025-05-28 13:20:10 [ERROR] - API call received with invalid parameters (RequestID: 1341)
2025-05-28 13:20:10 [INFO] - Cache invalidated for key 'user_data' (RequestID: 5112)
2025-05-28 13:20:10 [INFO] - Configuration reloaded successfully (RequestID: 5678)
2025-05-28 13:20:10 [INFO] - File not found in specified directory (RequestID: 6489)
2025-05-28 13:20:10 [INFO] - Database connection error: Could not connect to primary replica (RequestID: 7082)
2025-05-28 13:20:10 [ERROR] - Cache invalidated for key 'user_data' (RequestID: 6753)
2025-05-28 13:20:10 [INFO] - Database connection error: Could not connect to primary replica (RequestID: 6808)
2025-05-28 13:20:10 [INFO] - Cache invalidated for key 'user_data' (RequestID: 6462)
2025-05-28 13:20:10 [ERROR] - User logged in successfully (RequestID: 7667)
2025-05-28 13:20:10 [WARN] - Database connection error: Could not connect to primary replica (RequestID: 7834)
2025-05-28 13:20:10 [WARN] - API call received with invalid parameters (RequestID: 5559)
2025-05-28 13:20:10 [WARN] - Configuration reloaded successfully (RequestID: 4371)
2025-05-28 13:20:10 [WARN] - Database connection error: Could not connect to primary replica (RequestID: 6977)
2025-05-28 13:20:10 [ERROR] - Service restarted due to unhandled exception (RequestID: 2661)
2025-05-28 13:20:10 [ERROR] - Service restarted due to unhandled exception (RequestID: 6809)
2025-05-28 13:20:10 [INFO] - Authentication failed for user 'guest' (RequestID: 6060)
2025-05-28 13:20:10 [WARN] - Resource limit exceeded for process (RequestID: 3681)
2025-05-28 13:20:10 [ERROR] - Processing batch of 100 items (RequestID: 7638)
2025-05-28 13:20:10 [WARN] - API call received with invalid parameters (RequestID: 9845)
2025-05-28 13:20:10 [WARN] - File not found in specified directory (RequestID: 9251)
2025-05-28 13:20:10 [INFO] - Cache invalidated for key 'user_data' (RequestID: 5664)
2025-05-28 13:20:10 [WARN] - Service restarted due to unhandled exception (RequestID: 4576)
2025-05-28 13:20:10 [ERROR] - Authentication failed for user 'guest' (RequestID: 7769)
2025-05-28 13:20:10 [INFO] - User logged in successfully (RequestID: 5532)
2025-05-28 13:20:10 [INFO] - Processing batch of 100 items (RequestID: 6423)
2025-05-28 13:20:10 [ERROR] - Cache invalidated for key 'user_data' (RequestID: 5409)
2025-05-28 13:20:10 [ERROR] - Cache invalidated for key 'user_data' (RequestID: 6090)
2025-05-28 13:20:10 [WARN] - Resource limit exceeded for process (RequestID: 2666)
2025-05-28 13:20:10 [WARN] - Configuration reloaded successfully (RequestID: 3855)
2025-05-28 13:20:10 [INFO] - Resource limit exceeded for process (RequestID: 2782)
2025-05-28 13:20:10 [WARN] - Service restarted due to unhandled exception (RequestID: 1516)
2025-05-28 13:20:10 [INFO] - Service restarted due to unhandled exception (RequestID: 5534)
2025-05-28 13:20:10 [WARN] - Database connection error: Could not connect to primary replica (RequestID: 4173)
2025-05-28 13:20:10 [INFO] - Processing batch of 100 items (RequestID: 3629)
2025-05-28 13:20:10 [WARN] - Cache invalidated for key 'user_data' (RequestID: 4476)
2025-05-28 13:20:10 [WARN] - File not found in specified directory (RequestID: 7987)
2025-05-28 13:20:10 [ERROR] - File not found in specified directory (RequestID: 9896)
2025-05-28 13:20:10 [ERROR] - File not found in specified directory (RequestID: 6971)
2025-05-28 13:20:10 [WARN] - User logged in successfully (RequestID: 5040)
2025-05-28 13:20:10 [WARN] - Authentication failed for user 'guest' (RequestID: 4913)
2025-05-28 13:20:10 [INFO] - User logged in successfully (RequestID: 3374)
2025-05-28 13:20:10 [ERROR] - Configuration reloaded successfully (RequestID: 4464)
2025-05-28 13:20:10 [INFO] - User logged in successfully (RequestID: 1465)
2025-05-28 13:20:10 [ERROR] - Authentication failed for user 'guest' (RequestID: 1972)
2025-05-28 13:20:10 [INFO] - User logged in successfully (RequestID: 5273)
2025-05-28 13:20:10 [INFO] - Cache invalidated for key 'user_data' (RequestID: 3353)
2025-05-28 13:20:10 [WARN] - API call received with invalid parameters (RequestID: 7046)
2025-05-28 13:20:10 [INFO] - File not found in specified directory (RequestID: 2215)
2025-05-28 13:20:10 [ERROR] - Authentication failed for user 'guest' (RequestID: 3852)
2025-05-28 13:20:10 [INFO] - Service restarted due to unhandled exception (RequestID: 2033)
2025-05-28 13:20:10 [ERROR] - Resource limit exceeded for process (RequestID: 9593)
2025-05-28 13:20:10 [ERROR] - User logged in successfully (RequestID: 2633)
2025-05-28 13:20:10 [WARN] - Authentication failed for user 'guest' (RequestID: 5983)
2025-05-28 13:20:10 [WARN] - Processing batch of 100 items (RequestID: 9340)
2025-05-28 13:20:10 [ERROR] - Processing batch of 100 items (RequestID: 5902)
2025-05-28 13:20:10 [WARN] - Resource limit exceeded for process (RequestID: 8678)
2025-05-28 13:20:10 [INFO] - API call received with invalid parameters (RequestID: 3965)
2025-05-28 13:20:10 [WARN] - File not found in specified directory (RequestID: 8640)
2025-05-28 13:20:10 [ERROR] - Cache invalidated for key 'user_data' (RequestID: 2550)
2025-05-28 13:20:10 [ERROR] - Processing batch of 100 items (RequestID: 6810)
2025-05-28 13:20:10 [ERROR] - Configuration reloaded successfully (RequestID: 9365)
2025-05-28 13:20:10 [ERROR] - Processing batch of 100 items (RequestID: 5539)
2025-05-28 13:20:10 [WARN] - File not found in specified directory (RequestID: 6127)
2025-05-28 13:20:10 [WARN] - File not found in specified directory (RequestID: 7242)
2025-05-28 13:20:10 [INFO] - User logged in successfully (RequestID: 9331)
2025-05-28 13:20:10 [ERROR] - Authentication failed for user 'guest' (RequestID: 6904)
2025-05-28 13:20:10 [WARN] - Resource limit exceeded for process (RequestID: 2712)
2025-05-28 13:20:10 [WARN] - API call received with invalid parameters (RequestID: 4100)
2025-05-28 13:20:10 [INFO] - Service restarted due to unhandled exception (RequestID: 8886)
2025-05-28 13:20:10 [ERROR] - Cache invalidated for key 'user_data' (RequestID: 6525)
2025-05-28 13:20:10 [WARN] - File not found in specified directory (RequestID: 9144)
2025-05-28 13:20:10 [WARN] - Resource limit exceeded for process (RequestID: 8439)
2025-05-28 13:20:10 [WARN] - User logged in successfully (RequestID: 7341)
2025-05-28 13:20:10 [ERROR] - API call received with invalid parameters (RequestID: 5616)
2025-05-28 13:20:10 [INFO] - Configuration reloaded successfully (RequestID: 6911)
2025-05-28 13:20:10 [INFO] - File not found in specified directory (RequestID: 8687)
2025-05-28 13:20:10 [INFO] - User logged in successfully (RequestID: 1805)
2025-05-28 13:20:10 [WARN] - Configuration reloaded successfully (RequestID: 4882)
2025-05-28 13:20:10 [WARN] - Configuration reloaded successfully (RequestID: 6873)
2025-05-28 13:20:10 [ERROR] - File not found in specified directory (RequestID: 3528)
2025-05-28 13:20:10 [INFO] - Cache invalidated for key 'user_data' (RequestID: 3133)
2025-05-28 13:20:10 [ERROR] - Resource limit exceeded for process (RequestID: 6940)
2025-05-28 13:20:10 [ERROR] - User logged in successfully (RequestID: 9334)
2025-05-28 13:20:10 [WARN] - User logged in successfully (RequestID: 4804)
2025-05-28 13:20:10 [ERROR] - File not found in specified directory (RequestID: 9726)
2025-05-28 13:20:10 [WARN] - API call received with invalid parameters (RequestID: 3123)
2025-05-28 13:20:10 [INFO] - User logged in successfully (RequestID: 7238)
2025-05-28 13:20:10 [WARN] - API call received with invalid parameters (RequestID: 7725)
2025-05-28 13:20:10 [INFO] - Authentication failed for user 'guest' (RequestID: 8205)
2025-05-28 13:20:10 [ERROR] - Database connection error: Could not connect to primary replica (RequestID: 4857)
2025-05-28 13:20:10 [WARN] - File not found in specified directory (RequestID: 1683)
2025-05-28 13:20:10 [ERROR] - API call received with invalid parameters (RequestID: 4086)
2025-05-28 13:20:10 [WARN] - Processing batch of 100 items (RequestID: 4102)
2025-05-28 13:20:10 [INFO] - File not found in specified directory (RequestID: 5309)
2025-05-28 13:20:10 [WARN] - API call received with invalid parameters (RequestID: 9268)
2025-05-28 13:20:10 [INFO] - Resource limit exceeded for process (RequestID: 3253)
2025-05-28 13:20:10 [WARN] - Service restarted due to unhandled exception (RequestID: 8727)
2025-05-28 13:20:10 [ERROR] - File not found in specified directory (RequestID: 4311)
2025-05-28 13:20:10 [INFO] - Resource limit exceeded for process (RequestID: 6838)
2025-05-28 13:20:10 [ERROR] - Authentication failed for user 'guest' (RequestID: 9027)
2025-05-28 13:20:10 [ERROR] - API call received with invalid parameters (RequestID: 1286)
2025-05-28 13:20:10 [INFO] - Configuration reloaded successfully (RequestID: 2329)
2025-05-28 13:20:10 [ERROR] - User logged in successfully (RequestID: 7946)
2025-05-28 13:20:10 [INFO] - Database connection error: Could not connect to primary replica (RequestID: 8968)
2025-05-28 13:20:10 [INFO] - Cache invalidated for key 'user_data' (RequestID: 4329)
2025-05-28 13:20:10 [INFO] - Resource limit exceeded for process (RequestID: 2730)
2025-05-28 13:20:10 [ERROR] - Service restarted due to unhandled exception (RequestID: 1007)
2025-05-28 13:20:10 [INFO] - File not found in specified directory (RequestID: 4215)
2025-05-28 13:20:10 [INFO] - Configuration reloaded successfully (RequestID: 6485)
2025-05-28 13:20:10 [WARN] - Service restarted due to unhandled exception (RequestID: 9704)
2025-05-28 13:20:10 [INFO] - Database connection error: Could not connect to primary replica (RequestID: 7692)
2025-05-28 13:20:10 [WARN] - Service restarted due to unhandled exception (RequestID: 9669)
2025-05-28 13:20:10 [INFO] - Processing batch of 100 items (RequestID: 3207)
2025-05-28 13:20:10 [ERROR] - Configuration reloaded successfully (RequestID: 3142)
2025-05-28 13:20:10 [INFO] - User logged in successfully (RequestID: 1265)
2025-05-28 13:20:10 [WARN] - File not found in specified directory (RequestID: 6083)
2025-05-28 13:20:10 [INFO] - Resource limit exceeded for process (RequestID: 8418)
2025-05-28 13:20:10 [ERROR] - File not found in specified directory (RequestID: 9655)
2025-05-28 13:20:10 [ERROR] - API call received with invalid parameters (RequestID: 4164)
2025-05-28 13:20:10 [WARN] - Resource limit exceeded for process (RequestID: 7428)
2025-05-28 13:20:10 [ERROR] - Resource limit exceeded for process (RequestID: 2946)
2025-05-28 13:20:10 [INFO] - Service restarted due to unhandled exception (RequestID: 4461)
2025-05-28 13:20:10 [ERROR] - Resource limit exceeded for process (RequestID: 1470)
2025-05-28 13:20:10 [WARN] - Service restarted due to unhandled exception (RequestID: 2914)
2025-05-28 13:20:10 [WARN] - Resource limit exceeded for process (RequestID: 1861)
2025-05-28 13:20:10 [INFO] - Processing batch of 100 items (RequestID: 8001)
2025-05-28 13:20:10 [WARN] - API call received with invalid parameters (RequestID: 1558)
2025-05-28 13:20:10 [ERROR] - API call received with invalid parameters (RequestID: 9259)
2025-05-28 13:20:10 [ERROR] - File not found in specified directory (RequestID: 1847)
2025-05-28 13:20:10 [WARN] - Resource limit exceeded for process (RequestID: 6032)
2025-05-28 13:20:10 [INFO] - User logged in successfully (RequestID: 1962)
2025-05-28 13:20:10 [WARN] - Resource limit exceeded for process (RequestID: 3194)
2025-05-28 13:20:10 [ERROR] - Resource limit exceeded for process (RequestID: 3666)
2025-05-28 13:20:10 [WARN] - User logged in successfully (RequestID: 5340)
2025-05-28 13:20:10 [ERROR] - Service restarted due to unhandled exception (RequestID: 2804)
2025-05-28 13:20:10 [ERROR] - API call received with invalid parameters (RequestID: 8120)
2025-05-28 13:20:10 [INFO] - Configuration reloaded successfully (RequestID: 5126)
2025-05-28 13:20:10 [INFO] - Authentication failed for user 'guest' (RequestID: 2351)
2025-05-28 13:20:10 [INFO] - Service restarted due to unhandled exception (RequestID: 1504)
2025-05-28 13:20:10 [WARN] - Service restarted due to unhandled exception (RequestID: 8677)
2025-05-28 13:20:10 [INFO] - Service restarted due to unhandled exception (RequestID: 6081)
2025-05-28 13:20:10 [INFO] - User logged in successfully (RequestID: 8524)
2025-05-28 13:20:10 [ERROR] - File not found in specified directory (RequestID: 1397)
2025-05-28 13:20:10 [ERROR] - API call received with invalid parameters (RequestID: 1126)
2025-05-28 13:20:10 [ERROR] - Cache invalidated for key 'user_data' (RequestID: 2372)
2025-05-28 13:20:10 [WARN] - File not found in specified directory (RequestID: 3009)
2025-05-28 13:20:10 [WARN] - API call received with invalid parameters (RequestID: 7158)
2025-05-28 13:20:10 [INFO] - Configuration reloaded successfully (RequestID: 1566)
2025-05-28 13:20:10 [WARN] - File not found in specified directory (RequestID: 7736)
2025-05-28 13:20:10 [ERROR] - Processing batch of 100 items (RequestID: 4673)
2025-05-28 13:20:10 [WARN] - Configuration reloaded successfully (RequestID: 4517)
2025-05-28 13:20:10 [ERROR] - Database connection error: Could not connect to primary replica (RequestID: 9363)
2025-05-28 13:20:10 [ERROR] - File not found in specified directory (RequestID: 4823)
2025-05-28 13:20:10 [WARN] - Configuration reloaded successfully (RequestID: 3768)
2025-05-28 13:20:10 [ERROR] - Resource limit exceeded for process (RequestID: 1951)
2025-05-28 13:20:10 [ERROR] - API call received with invalid parameters (RequestID: 3564)
2025-05-28 13:20:10 [WARN] - Configuration reloaded successfully (RequestID: 1512)
2025-05-28 13:20:10 [INFO] - Configuration reloaded successfully (RequestID: 2355)
2025-05-28 13:20:10 [WARN] - Authentication failed for user 'guest' (RequestID: 4699)
2025-05-28 13:20:10 [WARN] - API call received with invalid parameters (RequestID: 9843)
2025-05-28 13:20:10 [ERROR] - File not found in specified directory (RequestID: 6310)
2025-05-28 13:20:10 [ERROR] - API call received with invalid parameters (RequestID: 8376)
2025-05-28 13:20:10 [ERROR] - File not found in specified directory (RequestID: 2181)
2025-05-28 13:20:10 [ERROR] - Service restarted due to unhandled exception (RequestID: 2812)
2025-05-28 13:20:10 [WARN] - User logged in successfully (RequestID: 4529)
2025-05-28 13:20:10 [WARN] - Database connection error: Could not connect to primary replica (RequestID: 3681)
2025-05-28 13:20:10 [ERROR] - Authentication failed for user 'guest' (RequestID: 1416)
2025-05-28 13:20:10 [ERROR] - Resource limit exceeded for process (RequestID: 8301)
2025-05-28 13:20:10 [WARN] - Database connection error: Could not connect to primary replica (RequestID: 8051)
2025-05-28 13:20:10 [WARN] - User logged in successfully (RequestID: 6712)
2025-05-28 13:20:10 [INFO] - API call received with invalid parameters (RequestID: 4620)
2025-05-28 13:20:10 [WARN] - Database connection error: Could not connect to primary replica (RequestID: 6402)
2025-05-28 13:20:10 [INFO] - API call received with invalid parameters (RequestID: 7727)
2025-05-28 13:20:10 [WARN] - Service restarted due to unhandled exception (RequestID: 6077)
2025-05-28 13:20:10 [WARN] - User logged in successfully (RequestID: 2510)
2025-05-28 13:20:10 [ERROR] - Cache invalidated for key 'user_data' (RequestID: 1642)
2025-05-28 13:20:10 [WARN] - Configuration reloaded successfully (RequestID: 6715)
2025-05-28 13:20:10 [WARN] - Resource limit exceeded for process (RequestID: 7257)
2025-05-28 13:20:10 [ERROR] - User logged in successfully (RequestID: 9530)
2025-05-28 13:20:10 [ERROR] - Database connection error: Could not connect to primary replica (RequestID: 6061)
2025-05-28 13:20:10 [INFO] - File not found in specified directory (RequestID: 5181)
2025-05-28 13:20:10 [ERROR] - Database connection error: Could not connect to primary replica (RequestID: 2457)
2025-05-28 13:20:10 [ERROR] - Authentication failed for user 'guest' (RequestID: 6752)
2025-05-28 13:20:10 [INFO] - User logged in successfully (RequestID: 6352)
2025-05-28 13:20:10 [ERROR] - Resource limit exceeded for process (RequestID: 8972)
2025-05-28 13:20:10 [INFO] - Configuration reloaded successfully (RequestID: 6691)
2025-05-28 13:20:10 [WARN] - Configuration reloaded successfully (RequestID: 7648)
2025-05-28 13:20:10 [ERROR] - Authentication failed for user 'guest' (RequestID: 8339)
2025-05-28 13:20:10 [ERROR] - Service restarted due to unhandled exception (RequestID: 8689)
2025-05-28 13:20:10 [ERROR] - User logged in successfully (RequestID: 1919)
2025-05-28 13:20:10 [WARN] - API call received with invalid parameters (RequestID: 6294)
2025-05-28 13:20:10 [INFO] - Cache invalidated for key 'user_data' (RequestID: 6958)
2025-05-28 13:20:10 [ERROR] - Cache invalidated for key 'user_data' (RequestID: 2814)
2025-05-28 13:20:10 [ERROR] - User logged in successfully (RequestID: 5555)
2025-05-28 13:20:10 [WARN] - User logged in successfully (RequestID: 5267)
2025-05-28 13:20:10 [INFO] - API call received with invalid parameters (RequestID: 6771)
2025-05-28 13:20:10 [WARN] - Cache invalidated for key 'user_data' (RequestID: 6349)
2025-05-28 13:20:10 [ERROR] - Authentication failed for user 'guest' (RequestID: 8523)
2025-05-28 13:20:10 [WARN] - User logged in successfully (RequestID: 1928)
2025-05-28 13:20:10 [ERROR] - API call received with invalid parameters (RequestID: 5326)
2025-05-28 13:20:10 [WARN] - Database connection error: Could not connect to primary replica (RequestID: 8914)
2025-05-28 13:20:10 [INFO] - Database connection error: Could not connect to primary replica (RequestID: 2466)
2025-05-28 13:20:10 [INFO] - Processing batch of 100 items (RequestID: 4476)
2025-05-28 13:20:10 [ERROR] - Cache invalidated for key 'user_data' (RequestID: 9233)
2025-05-28 13:20:10 [WARN] - Authentication failed for user 'guest' (RequestID: 1344)
2025-05-28 13:20:10 [ERROR] - Cache invalidated for key 'user_data' (RequestID: 7110)
2025-05-28 13:20:10 [WARN] - File not found in specified directory (RequestID: 3201)
2025-05-28 13:20:10 [ERROR] - Database connection error: Could not connect to primary replica (RequestID: 7063)
2025-05-28 13:20:10 [INFO] - Service restarted due to unhandled exception (RequestID: 6765)
2025-05-28 13:20:10 [ERROR] - File not found in specified directory (RequestID: 8480)
2025-05-28 13:20:10 [INFO] - API call received with invalid parameters (RequestID: 4737)
2025-05-28 13:20:10 [INFO] - Resource limit exceeded for process (RequestID: 2294)
2025-05-28 13:20:10 [INFO] - Cache invalidated for key 'user_data' (RequestID: 9481)
2025-05-28 13:20:10 [ERROR] - Authentication failed for user 'guest' (RequestID: 1751)
2025-05-28 13:20:10 [WARN] - User logged in successfully (RequestID: 6902)
2025-05-28 13:20:10 [WARN] - Processing batch of 100 items (RequestID: 3169)
2025-05-28 13:20:10 [INFO] - API call received with invalid parameters (RequestID: 7700)
2025-05-28 13:20:10 [WARN] - Processing batch of 100 items (RequestID: 5400)
2025-05-28 13:20:10 [ERROR] - Database connection error: Could not connect to primary replica (RequestID: 7222)
2025-05-28 13:20:10 [WARN] - Database connection error: Could not connect to primary replica (RequestID: 4823)
2025-05-28 13:20:10 [INFO] - File not found in specified directory (RequestID: 8358)
2025-05-28 13:20:10 [INFO] - Authentication failed for user 'guest' (RequestID: 5023)
2025-05-28 13:20:10 [ERROR] - Database connection error: Could not connect to primary replica (RequestID: 3353)
2025-05-28 13:20:10 [ERROR] - Processing batch of 100 items (RequestID: 7602)
2025-05-28 13:20:10 [INFO] - Database connection error: Could not connect to primary replica (RequestID: 3023)
2025-05-28 13:20:10 [WARN] - Configuration reloaded successfully (RequestID: 7943)
2025-05-28 13:20:10 [WARN] - Resource limit exceeded for process (RequestID: 8710)
2025-05-28 13:20:10 [INFO] - Authentication failed for user 'guest' (RequestID: 1271)
2025-05-28 13:20:10 [ERROR] - Database connection error: Could not connect to primary replica (RequestID: 3973)
2025-05-28 13:20:10 [INFO] - Processing batch of 100 items (RequestID: 3243)
2025-05-28 13:20:10 [INFO] - Cache invalidated for key 'user_data' (RequestID: 3761)
2025-05-28 13:20:10 [WARN] - Authentication failed for user 'guest' (RequestID: 6901)
2025-05-28 13:20:10 [WARN] - Resource limit exceeded for process (RequestID: 6704)
2025-05-28 13:20:10 [ERROR] - User logged in successfully (RequestID: 9541)
2025-05-28 13:20:10 [WARN] - Authentication failed for user 'guest' (RequestID: 4582)
2025-05-28 13:20:10 [ERROR] - Processing batch of 100 items (RequestID: 7334)
2025-05-28 13:20:10 [ERROR] - Authentication failed for user 'guest' (RequestID: 1926)
2025-05-28 13:20:10 [WARN] - Processing batch of 100 items (RequestID: 3641)
2025-05-28 13:20:10 [INFO] - API call received with invalid parameters (RequestID: 5807)
2025-05-28 13:20:10 [ERROR] - API call received with invalid parameters (RequestID: 3072)
2025-05-28 13:20:10 [ERROR] - API call received with invalid parameters (RequestID: 7550)
2025-05-28 13:20:10 [WARN] - API call received with invalid parameters (RequestID: 8145)
2025-05-28 13:20:10 [WARN] - Processing batch of 100 items (RequestID: 4504)
2025-05-28 13:20:10 [ERROR] - Database connection error: Could not connect to primary replica (RequestID: 1767)
2025-05-28 13:20:10 [WARN] - Resource limit exceeded for process (RequestID: 1693)
2025-05-28 13:20:10 [ERROR] - File not found in specified directory (RequestID: 4148)
2025-05-28 13:20:10 [INFO] - User logged in successfully (RequestID: 7434)
2025-05-28 13:20:10 [ERROR] - Database connection error: Could not connect to primary replica (RequestID: 6376)
2025-05-28 13:20:10 [INFO] - File not found in specified directory (RequestID: 8801)
2025-05-28 13:20:10 [ERROR] - Cache invalidated for key 'user_data' (RequestID: 4444)
2025-05-28 13:20:10 [ERROR] - Service restarted due to unhandled exception (RequestID: 5709)
2025-05-28 13:20:10 [WARN] - Resource limit exceeded for process (RequestID: 1117)
2025-05-28 13:20:10 [ERROR] - File not found in specified directory (RequestID: 6066)
2025-05-28 13:20:10 [ERROR] - Configuration reloaded successfully (RequestID: 5771)
2025-05-28 13:20:10 [INFO] - Authentication failed for user 'guest' (RequestID: 1703)
2025-05-28 13:20:10 [ERROR] - Configuration reloaded successfully (RequestID: 1991)
2025-05-28 13:20:10 [ERROR] - Database connection error: Could not connect to primary replica (RequestID: 7866)
2025-05-28 13:20:10 [WARN] - Configuration reloaded successfully (RequestID: 3050)
2025-05-28 13:20:10 [INFO] - Configuration reloaded successfully (RequestID: 9343)
2025-05-28 13:20:10 [WARN] - Cache invalidated for key 'user_data' (RequestID: 3789)
2025-05-28 13:20:10 [INFO] - Authentication failed for user 'guest' (RequestID: 7228)
2025-05-28 13:20:10 [INFO] - File not found in specified directory (RequestID: 6435)
2025-05-28 13:20:10 [INFO] - Configuration reloaded successfully (RequestID: 3381)
2025-05-28 13:20:10 [INFO] - Cache invalidated for key 'user_data' (RequestID: 3963)
2025-05-28 13:20:10 [ERROR] - API call received with invalid parameters (RequestID: 6625)
2025-05-28 13:20:10 [ERROR] - Resource limit exceeded for process (RequestID: 2093)
2025-05-28 13:20:10 [ERROR] - User logged in successfully (RequestID: 3677)
2025-05-28 13:20:10 [ERROR] - User logged in successfully (RequestID: 3169)
2025-05-28 13:20:10 [INFO] - File not found in specified directory (RequestID: 2644)
2025-05-28 13:20:10 [INFO] - Cache invalidated for key 'user_data' (RequestID: 1183)
2025-05-28 13:20:10 [INFO] - Processing batch of 100 items (RequestID: 5997)
2025-05-28 13:20:10 [WARN] - Resource limit exceeded for process (RequestID: 2439)
2025-05-28 13:20:10 [ERROR] - Configuration reloaded successfully (RequestID: 7231)
2025-05-28 13:20:10 [ERROR] - Authentication failed for user 'guest' (RequestID: 2735)
2025-05-28 13:20:10 [ERROR] - File not found in specified directory (RequestID: 4096)
2025-05-28 13:20:10 [ERROR] - API call received with invalid parameters (RequestID: 9170)
2025-05-28 13:20:10 [INFO] - Service restarted due to unhandled exception (RequestID: 6622)
2025-05-28 13:20:10 [INFO] - Cache invalidated for key 'user_data' (RequestID: 1482)
2025-05-28 13:20:10 [ERROR] - Processing batch of 100 items (RequestID: 5224)
2025-05-28 13:20:10 [INFO] - API call received with invalid parameters (RequestID: 6310)
2025-05-28 13:20:10 [INFO] - API call received with invalid parameters (RequestID: 3649)
2025-05-28 13:20:10 [WARN] - Configuration reloaded successfully (RequestID: 9449)
2025-05-28 13:20:10 [ERROR] - Configuration reloaded successfully (RequestID: 9974)
2025-05-28 13:20:10 [ERROR] - Service restarted due to unhandled exception (RequestID: 1871)
2025-05-28 13:20:10 [WARN] - Resource limit exceeded for process (RequestID: 5654)
2025-05-28 13:20:10 [WARN] - Service restarted due to unhandled exception (RequestID: 4378)
2025-05-28 13:20:10 [ERROR] - Processing batch of 100 items (RequestID: 4117)
2025-05-28 13:20:10 [ERROR] - Service restarted due to unhandled exception (RequestID: 4662)
2025-05-28 13:20:10 [INFO] - API call received with invalid parameters (RequestID: 2720)
2025-05-28 13:20:10 [INFO] - API call received with invalid parameters (RequestID: 7583)
2025-05-28 13:20:10 [WARN] - API call received with invalid parameters (RequestID: 9077)
2025-05-28 13:20:10 [WARN] - Processing batch of 100 items (RequestID: 3622)
2025-05-28 13:20:10 [WARN] - File not found in specified directory (RequestID: 2747)
2025-05-28 13:20:10 [INFO] - API call received with invalid parameters (RequestID: 9126)
2025-05-28 13:20:10 [WARN] - Database connection error: Could not connect to primary replica (RequestID: 5145)
2025-05-28 13:20:10 [INFO] - Cache invalidated for key 'user_data' (RequestID: 8769)
2025-05-28 13:20:10 [ERROR] - API call received with invalid parameters (RequestID: 9074)
2025-05-28 13:20:10 [INFO] - API call received with invalid parameters (RequestID: 7507)
2025-05-28 13:20:10 [INFO] - Service restarted due to unhandled exception (RequestID: 3026)
2025-05-28 13:20:10 [ERROR] - Authentication failed for user 'guest' (RequestID: 2053)
2025-05-28 13:20:10 [ERROR] - Cache invalidated for key 'user_data' (RequestID: 7631)
2025-05-28 13:20:10 [WARN] - Cache invalidated for key 'user_data' (RequestID: 6985)
2025-05-28 13:20:10 [WARN] - API call received with invalid parameters (RequestID: 2476)
2025-05-28 13:20:10 [INFO] - Service restarted due to unhandled exception (RequestID: 9668)
2025-05-28 13:20:10 [ERROR] - Database connection error: Could not connect to primary replica (RequestID: 5270)
2025-05-28 13:20:10 [INFO] - Cache invalidated for key 'user_data' (RequestID: 1651)
2025-05-28 13:20:10 [INFO] - Configuration reloaded successfully (RequestID: 6712)
2025-05-28 13:20:10 [WARN] - Processing batch of 100 items (RequestID: 6098)
2025-05-28 13:20:10 [ERROR] - Configuration reloaded successfully (RequestID: 3836)
2025-05-28 13:20:10 [WARN] - File not found in specified directory (RequestID: 1955)
2025-05-28 13:20:10 [ERROR] - File not found in specified directory (RequestID: 8377)
2025-05-28 13:20:10 [INFO] - File not found in specified directory (RequestID: 1458)
2025-05-28 13:20:10 [INFO] - File not found in specified directory (RequestID: 7953)
2025-05-28 13:20:10 [ERROR] - Service restarted due to unhandled exception (RequestID: 9731)
2025-05-28 13:20:10 [ERROR] - Cache invalidated for key 'user_data' (RequestID: 5794)
2025-05-28 13:20:10 [INFO] - Processing batch of 100 items (RequestID: 1148)
2025-05-28 13:20:10 [WARN] - File not found in specified directory (RequestID: 5237)
2025-05-28 13:20:10 [INFO] - Authentication failed for user 'guest' (RequestID: 4044)
2025-05-28 13:20:10 [ERROR] - Processing batch of 100 items (RequestID: 5340)
2025-05-28 13:20:10 [WARN] - Database connection error: Could not connect to primary replica (RequestID: 6009)
2025-05-28 13:20:10 [WARN] - Service restarted due to unhandled exception (RequestID: 2914)
2025-05-28 13:20:10 [ERROR] - Database connection error: Could not connect to primary replica (RequestID: 4518)
2025-05-28 13:20:10 [INFO] - Cache invalidated for key 'user_data' (RequestID: 6925)
2025-05-28 13:20:10 [WARN] - File not found in specified directory (RequestID: 9755)
2025-05-28 13:20:10 [WARN] - Configuration reloaded successfully (RequestID: 5439)
2025-05-28 13:20:10 [ERROR] - Database connection error: Could not connect to primary replica (RequestID: 9362)
2025-05-28 13:20:10 [WARN] - User logged in successfully (RequestID: 2857)
2025-05-28 13:20:10 [ERROR] - Configuration reloaded successfully (RequestID: 8584)
2025-05-28 13:20:10 [ERROR] - User logged in successfully (RequestID: 6721)
2025-05-28 13:20:10 [ERROR] - Service restarted due to unhandled exception (RequestID: 5495)
2025-05-28 13:20:10 [WARN] - Configuration reloaded successfully (RequestID: 1189)
2025-05-28 13:20:10 [ERROR] - API call received with invalid parameters (RequestID: 7717)
2025-05-28 13:20:10 [ERROR] - Configuration reloaded successfully (RequestID: 1240)
2025-05-28 13:20:10 [INFO] - Resource limit exceeded for process (RequestID: 5016)
2025-05-28 13:20:10 [WARN] - File not found in specified directory (RequestID: 9251)
2025-05-28 13:20:10 [ERROR] - Database connection error: Could not connect to primary replica (RequestID: 3296)
2025-05-28 13:20:10 [WARN] - User logged in successfully (RequestID: 4493)
2025-05-28 13:20:10 [INFO] - User logged in successfully (RequestID: 8758)
2025-05-28 13:20:10 [ERROR] - Cache invalidated for key 'user_data' (RequestID: 9586)
2025-05-28 13:20:10 [WARN] - User logged in successfully (RequestID: 9788)
2025-05-28 13:20:10 [ERROR] - Service restarted due to unhandled exception (RequestID: 4516)
2025-05-28 13:20:10 [ERROR] - Database connection error: Could not connect to primary replica (RequestID: 6055)
2025-05-28 13:20:10 [INFO] - Authentication failed for user 'guest' (RequestID: 7168)
2025-05-28 13:20:10 [ERROR] - User logged in successfully (RequestID: 7875)
2025-05-28 13:20:10 [INFO] - User logged in successfully (RequestID: 8626)
2025-05-28 13:20:10 [WARN] - Service restarted due to unhandled exception (RequestID: 4824)
2025-05-28 13:20:10 [INFO] - Processing batch of 100 items (RequestID: 4809)
2025-05-28 13:20:10 [WARN] - Configuration reloaded successfully (RequestID: 7405)
2025-05-28 13:20:10 [WARN] - Processing batch of 100 items (RequestID: 4894)
2025-05-28 13:20:10 [INFO] - Authentication failed for user 'guest' (RequestID: 2681)
2025-05-28 13:20:10 [WARN] - User logged in successfully (RequestID: 5979)
2025-05-28 13:20:10 [INFO] - Cache invalidated for key 'user_data' (RequestID: 9221)
2025-05-28 13:20:10 [WARN] - File not found in specified directory (RequestID: 7216)
2025-05-28 13:20:10 [INFO] - API call received with invalid parameters (RequestID: 4516)
2025-05-28 13:20:10 [ERROR] - Resource limit exceeded for process (RequestID: 4064)
2025-05-28 13:20:10 [INFO] - Configuration reloaded successfully (RequestID: 2305)
2025-05-28 13:20:10 [INFO] - User logged in successfully (RequestID: 2818)
2025-05-28 13:20:10 [WARN] - Database connection error: Could not connect to primary replica (RequestID: 3766)
2025-05-28 13:20:10 [INFO] - File not found in specified directory (RequestID: 6489)
2025-05-28 13:20:10 [INFO] - Resource limit exceeded for process (RequestID: 4688)
2025-05-28 13:20:10 [WARN] - Service restarted due to unhandled exception (RequestID: 9494)
2025-05-28 13:20:10 [ERROR] - Processing batch of 100 items (RequestID: 6094)
2025-05-28 13:20:10 [ERROR] - API call received with invalid parameters (RequestID: 5219)
2025-05-28 13:20:10 [INFO] - User logged in successfully (RequestID: 5868)
2025-05-28 13:20:10 [WARN] - API call received with invalid parameters (RequestID: 9433)
2025-05-28 13:20:10 [ERROR] - Processing batch of 100 items (RequestID: 5072)
2025-05-28 13:20:10 [INFO] - API call received with invalid parameters (RequestID: 1711)
2025-05-28 13:20:10 [ERROR] - Processing batch of 100 items (RequestID: 2528)
2025-05-28 13:20:10 [INFO] - User logged in successfully (RequestID: 7216)
2025-05-28 13:20:10 [ERROR] - Authentication failed for user 'guest' (RequestID: 4961)
2025-05-28 13:20:10 [ERROR] - Configuration reloaded successfully (RequestID: 9745)
2025-05-28 13:20:10 [WARN] - Service restarted due to unhandled exception (RequestID: 4232)
2025-05-28 13:20:10 [WARN] - Service restarted due to unhandled exception (RequestID: 4168)
2025-05-28 13:20:10 [INFO] - API call received with invalid parameters (RequestID: 4034)
2025-05-28 13:20:10 [INFO] - File not found in specified directory (RequestID: 1249)
2025-05-28 13:20:10 [WARN] - Service restarted due to unhandled exception (RequestID: 3276)
2025-05-28 13:20:10 [WARN] - API call received with invalid parameters (RequestID: 7997)
2025-05-28 13:20:10 [WARN] - Service restarted due to unhandled exception (RequestID: 6699)
2025-05-28 13:20:10 [ERROR] - Configuration reloaded successfully (RequestID: 8311)
2025-05-28 13:20:10 [WARN] - Configuration reloaded successfully (RequestID: 8754)
2025-05-28 13:20:10 [ERROR] - Resource limit exceeded for process (RequestID: 1379)
2025-05-28 13:20:10 [WARN] - Resource limit exceeded for process (RequestID: 9917)
2025-05-28 13:20:10 [ERROR] - Service restarted due to unhandled exception (RequestID: 2913)
2025-05-28 13:20:10 [INFO] - Service restarted due to unhandled exception (RequestID: 4058)
2025-05-28 13:20:10 [WARN] - Configuration reloaded successfully (RequestID: 3142)
2025-05-28 13:20:10 [WARN] - File not found in specified directory (RequestID: 8690)
2025-05-28 13:20:10 [INFO] - Processing batch of 100 items (RequestID: 3524)
2025-05-28 13:20:10 [ERROR] - Authentication failed for user 'guest' (RequestID: 4123)
2025-05-28 13:20:10 [ERROR] - Resource limit exceeded for process (RequestID: 2900)
2025-05-28 13:20:10 [ERROR] - Processing batch of 100 items (RequestID: 2895)
2025-05-28 13:20:10 [WARN] - Service restarted due to unhandled exception (RequestID: 2406)
2025-05-28 13:20:10 [WARN] - Processing batch of 100 items (RequestID: 3983)
2025-05-28 13:20:10 [ERROR] - File not found in specified directory (RequestID: 9740)
2025-05-28 13:20:10 [ERROR] - Authentication failed for user 'guest' (RequestID: 3647)
2025-05-28 13:20:10 [INFO] - User logged in successfully (RequestID: 8354)
2025-05-28 13:20:10 [ERROR] - API call received with invalid parameters (RequestID: 5632)
2025-05-28 13:20:10 [INFO] - Service restarted due to unhandled exception (RequestID: 4165)
2025-05-28 13:20:10 [INFO] - API call received with invalid parameters (RequestID: 7939)
2025-05-28 13:20:10 [WARN] - Processing batch of 100 items (RequestID: 4848)
2025-05-28 13:20:10 [WARN] - User logged in successfully (RequestID: 7681)
2025-05-28 13:20:10 [INFO] - File not found in specified directory (RequestID: 9288)
2025-05-28 13:20:10 [INFO] - Authentication failed for user 'guest' (RequestID: 3482)
2025-05-28 13:20:10 [INFO] - Cache invalidated for key 'user_data' (RequestID: 9272)
2025-05-28 13:20:10 [INFO] - Configuration reloaded successfully (RequestID: 2828)
2025-05-28 13:20:10 [ERROR] - Processing batch of 100 items (RequestID: 2593)
2025-05-28 13:20:10 [INFO] - Authentication failed for user 'guest' (RequestID: 6234)
2025-05-28 13:20:10 [ERROR] - File not found in specified directory (RequestID: 9419)
2025-05-28 13:20:10 [WARN] - Cache invalidated for key 'user_data' (RequestID: 6510)
2025-05-28 13:20:10 [INFO] - Database connection error: Could not connect to primary replica (RequestID: 5687)
2025-05-28 13:20:10 [INFO] - Authentication failed for user 'guest' (RequestID: 1708)
2025-05-28 13:20:10 [INFO] - File not found in specified directory (RequestID: 8236)
2025-05-28 13:20:10 [INFO] - Database connection error: Could not connect to primary replica (RequestID: 8180)
2025-05-28 13:20:10 [WARN] - API call received with invalid parameters (RequestID: 4499)
2025-05-28 13:20:10 [INFO] - Cache invalidated for key 'user_data' (RequestID: 4534)
2025-05-28 13:20:10 [INFO] - User logged in successfully (RequestID: 8860)
2025-05-28 13:20:10 [INFO] - User logged in successfully (RequestID: 5464)
2025-05-28 13:20:10 [ERROR] - Resource limit exceeded for process (RequestID: 8580)
2025-05-28 13:20:10 [ERROR] - Resource limit exceeded for process (RequestID: 2873)
2025-05-28 13:20:10 [WARN] - Authentication failed for user 'guest' (RequestID: 8692)
2025-05-28 13:20:10 [INFO] - File not found in specified directory (RequestID: 2190)
2025-05-28 13:20:10 [WARN] - Processing batch of 100 items (RequestID: 7570)
2025-05-28 13:20:10 [INFO] - API call received with invalid parameters (RequestID: 6392)
2025-05-28 13:20:10 [ERROR] - User logged in successfully (RequestID: 1045)
2025-05-28 13:20:10 [ERROR] - Cache invalidated for key 'user_data' (RequestID: 7464)
2025-05-28 13:20:10 [WARN] - Authentication failed for user 'guest' (RequestID: 6090)
2025-05-28 13:20:10 [ERROR] - User logged in successfully (RequestID: 6944)
2025-05-28 13:20:10 [ERROR] - Configuration reloaded successfully (RequestID: 9683)
2025-05-28 13:20:10 [WARN] - File not found in specified directory (RequestID: 2699)
2025-05-28 13:20:10 [ERROR] - Processing batch of 100 items (RequestID: 4920)
2025-05-28 13:20:10 [INFO] - User logged in successfully (RequestID: 2910)
2025-05-28 13:20:10 [ERROR] - Configuration reloaded successfully (RequestID: 8053)
2025-05-28 13:20:10 [WARN] - Service restarted due to unhandled exception (RequestID: 3567)
2025-05-28 13:20:10 [WARN] - Cache invalidated for key 'user_data' (RequestID: 4098)
2025-05-28 13:20:10 [ERROR] - File not found in specified directory (RequestID: 1306)
2025-05-28 13:20:10 [INFO] - Database connection error: Could not connect to primary replica (RequestID: 7057)
2025-05-28 13:20:10 [WARN] - Cache invalidated for key 'user_data' (RequestID: 7434)
2025-05-28 13:20:10 [INFO] - API call received with invalid parameters (RequestID: 5367)
2025-05-28 13:20:10 [WARN] - Cache invalidated for key 'user_data' (RequestID: 1650)
2025-05-28 13:20:10 [ERROR] - Processing batch of 100 items (RequestID: 1627)
2025-05-28 13:20:10 [WARN] - Processing batch of 100 items (RequestID: 5163)
2025-05-28 13:20:10 [ERROR] - API call received with invalid parameters (RequestID: 5038)
2025-05-28 13:20:10 [INFO] - Resource limit exceeded for process (RequestID: 3960)
2025-05-28 13:20:10 [ERROR] - File not found in specified directory (RequestID: 8320)
2025-05-28 13:20:10 [WARN] - Database connection error: Could not connect to primary replica (RequestID: 4806)
2025-05-28 13:20:10 [ERROR] - Authentication failed for user 'guest' (RequestID: 5521)
2025-05-28 13:20:10 [WARN] - Service restarted due to unhandled exception (RequestID: 3735)
2025-05-28 13:20:10 [WARN] - API call received with invalid parameters (RequestID: 3344)
2025-05-28 13:20:10 [INFO] - API call received with invalid parameters (RequestID: 3568)
2025-05-28 13:20:10 [INFO] - File not found in specified directory (RequestID: 7481)
2025-05-28 13:20:10 [INFO] - Resource limit exceeded for process (RequestID: 9485)
2025-05-28 13:20:10 [WARN] - Resource limit exceeded for process (RequestID: 2711)
2025-05-28 13:20:10 [ERROR] - Service restarted due to unhandled exception (RequestID: 2873)
2025-05-28 13:20:10 [WARN] - User logged in successfully (RequestID: 1122)
2025-05-28 13:20:10 [WARN] - Cache invalidated for key 'user_data' (RequestID: 1548)
2025-05-28 13:20:10 [ERROR] - Processing batch of 100 items (RequestID: 2704)
2025-05-28 13:20:10 [ERROR] - Configuration reloaded successfully (RequestID: 6302)
2025-05-28 13:20:10 [WARN] - Database connection error: Could not connect to primary replica (RequestID: 5562)
2025-05-28 13:20:10 [WARN] - Cache invalidated for key 'user_data' (RequestID: 9859)
2025-05-28 13:20:10 [WARN] - Cache invalidated for key 'user_data' (RequestID: 8690)
2025-05-28 13:20:10 [ERROR] - Authentication failed for user 'guest' (RequestID: 5018)
2025-05-28 13:20:10 [INFO] - Authentication failed for user 'guest' (RequestID: 8360)
2025-05-28 13:20:10 [INFO] - Processing batch of 100 items (RequestID: 6531)
2025-05-28 13:20:10 [WARN] - User logged in successfully (RequestID: 4328)
2025-05-28 13:20:10 [WARN] - Processing batch of 100 items (RequestID: 1197)
2025-05-28 13:20:10 [INFO] - Resource limit exceeded for process (RequestID: 2858)
2025-05-28 13:20:10 [INFO] - File not found in specified directory (RequestID: 4541)
2025-05-28 13:20:10 [WARN] - Service restarted due to unhandled exception (RequestID: 1817)
2025-05-28 13:20:10 [INFO] - File not found in specified directory (RequestID: 6088)
2025-05-28 13:20:10 [WARN] - Authentication failed for user 'guest' (RequestID: 6867)
2025-05-28 13:20:10 [ERROR] - Configuration reloaded successfully (RequestID: 2758)
2025-05-28 13:20:10 [ERROR] - Service restarted due to unhandled exception (RequestID: 7357)
2025-05-28 13:20:10 [ERROR] - Authentication failed for user 'guest' (RequestID: 6344)
2025-05-28 13:20:10 [INFO] - Resource limit exceeded for process (RequestID: 9026)
2025-05-28 13:20:10 [WARN] - Database connection error: Could not connect to primary replica (RequestID: 6689)
2025-05-28 13:20:10 [INFO] - Service restarted due to unhandled exception (RequestID: 2989)
2025-05-28 13:20:10 [INFO] - Resource limit exceeded for process (RequestID: 5006)
2025-05-28 13:20:10 [WARN] - User logged in successfully (RequestID: 5331)
2025-05-28 13:20:10 [ERROR] - Resource limit exceeded for process (RequestID: 9005)
2025-05-28 13:20:10 [ERROR] - Service restarted due to unhandled exception (RequestID: 5566)
2025-05-28 13:20:10 [INFO] - Authentication failed for user 'guest' (RequestID: 9150)
2025-05-28 13:20:10 [INFO] - Authentication failed for user 'guest' (RequestID: 4239)
2025-05-28 13:20:10 [ERROR] - Database connection error: Could not connect to primary replica (RequestID: 6597)
2025-05-28 13:20:10 [ERROR] - Resource limit exceeded for process (RequestID: 4574)
2025-05-28 13:20:10 [ERROR] - File not found in specified directory (RequestID: 9679)
2025-05-28 13:20:10 [INFO] - Database connection error: Could not connect to primary replica (RequestID: 7533)
2025-05-28 13:20:10 [INFO] - Configuration reloaded successfully (RequestID: 4944)
2025-05-28 13:20:10 [INFO] - Configuration reloaded successfully (RequestID: 3561)
2025-05-28 13:20:10 [ERROR] - Cache invalidated for key 'user_data' (RequestID: 8274)
2025-05-28 13:20:10 [WARN] - Service restarted due to unhandled exception (RequestID: 3521)
2025-05-28 13:20:10 [INFO] - User logged in successfully (RequestID: 2127)
2025-05-28 13:20:10 [INFO] - Processing batch of 100 items (RequestID: 3063)
2025-05-28 13:20:10 [ERROR] - Configuration reloaded successfully (RequestID: 7585)
2025-05-28 13:20:10 [WARN] - Service restarted due to unhandled exception (RequestID: 9141)
2025-05-28 13:20:10 [WARN] - Database connection error: Could not connect to primary replica (RequestID: 3601)
2025-05-28 13:20:10 [ERROR] - Authentication failed for user 'guest' (RequestID: 3522)
2025-05-28 13:20:10 [WARN] - Cache invalidated for key 'user_data' (RequestID: 1402)
2025-05-28 13:20:10 [INFO] - Service restarted due to unhandled exception (RequestID: 9208)
2025-05-28 13:20:10 [WARN] - File not found in specified directory (RequestID: 6196)
2025-05-28 13:20:10 [ERROR] - Processing batch of 100 items (RequestID: 7378)
2025-05-28 13:20:10 [WARN] - Service restarted due to unhandled exception (RequestID: 5757)
2025-05-28 13:20:10 [ERROR] - File not found in specified directory (RequestID: 2887)
2025-05-28 13:20:10 [WARN] - User logged in successfully (RequestID: 3808)
2025-05-28 13:20:10 [ERROR] - User logged in successfully (RequestID: 3041)
2025-05-28 13:20:10 [INFO] - Cache invalidated for key 'user_data' (RequestID: 7017)
2025-05-28 13:20:10 [WARN] - Service restarted due to unhandled exception (RequestID: 9868)
2025-05-28 13:20:10 [INFO] - Database connection error: Could not connect to primary replica (RequestID: 6623)
2025-05-28 13:20:10 [INFO] - Authentication failed for user 'guest' (RequestID: 2894)
2025-05-28 13:20:10 [ERROR] - API call received with invalid parameters (RequestID: 9053)
2025-05-28 13:20:10 [WARN] - User logged in successfully (RequestID: 5490)
2025-05-28 13:20:10 [ERROR] - API call received with invalid parameters (RequestID: 4237)
2025-05-28 13:20:10 [ERROR] - Authentication failed for user 'guest' (RequestID: 4174)
2025-05-28 13:20:10 [WARN] - Database connection error: Could not connect to primary replica (RequestID: 8712)
2025-05-28 13:20:10 [INFO] - API call received with invalid parameters (RequestID: 9606)
2025-05-28 13:20:10 [INFO] - Resource limit exceeded for process (RequestID: 4635)
2025-05-28 13:20:10 [INFO] - User logged in successfully (RequestID: 4576)
2025-05-28 13:20:10 [INFO] - Cache invalidated for key 'user_data' (RequestID: 7505)
2025-05-28 13:20:10 [WARN] - Service restarted due to unhandled exception (RequestID: 1742)
2025-05-28 13:20:10 [WARN] - Service restarted due to unhandled exception (RequestID: 1553)
2025-05-28 13:20:10 [INFO] - Cache invalidated for key 'user_data' (RequestID: 8278)
2025-05-28 13:20:10 [WARN] - Cache invalidated for key 'user_data' (RequestID: 9045)
2025-05-28 13:20:10 [WARN] - Configuration reloaded successfully (RequestID: 9849)
2025-05-28 13:20:10 [WARN] - User logged in successfully (RequestID: 3687)
2025-05-28 13:20:10 [ERROR] - File not found in specified directory (RequestID: 8046)
2025-05-28 13:20:10 [INFO] - Processing batch of 100 items (RequestID: 6070)
2025-05-28 13:20:10 [INFO] - Authentication failed for user 'guest' (RequestID: 8525)
2025-05-28 13:20:10 [WARN] - Database connection error: Could not connect to primary replica (RequestID: 6312)
2025-05-28 13:20:10 [WARN] - API call received with invalid parameters (RequestID: 3443)
2025-05-28 13:20:10 [INFO] - Authentication failed for user 'guest' (RequestID: 5143)
2025-05-28 13:20:10 [INFO] - Authentication failed for user 'guest' (RequestID: 2815)
2025-05-28 13:20:10 [INFO] - User logged in successfully (RequestID: 4113)
2025-05-28 13:20:10 [WARN] - Cache invalidated for key 'user_data' (RequestID: 2915)
2025-05-28 13:20:10 [ERROR] - Service restarted due to unhandled exception (RequestID: 2014)
2025-05-28 13:20:10 [ERROR] - File not found in specified directory (RequestID: 2488)
2025-05-28 13:20:10 [INFO] - User logged in successfully (RequestID: 5808)
2025-05-28 13:20:10 [ERROR] - Authentication failed for user 'guest' (RequestID: 1402)
2025-05-28 13:20:10 [WARN] - Database connection error: Could not connect to primary replica (RequestID: 9033)
2025-05-28 13:20:10 [INFO] - Cache invalidated for key 'user_data' (RequestID: 4022)
2025-05-28 13:20:10 [WARN] - Database connection error: Could not connect to primary replica (RequestID: 2379)
2025-05-28 13:20:10 [WARN] - User logged in successfully (RequestID: 6954)
2025-05-28 13:20:10 [WARN] - Resource limit exceeded for process (RequestID: 1635)
2025-05-28 13:20:10 [ERROR] - Resource limit exceeded for process (RequestID: 6416)
2025-05-28 13:20:10 [INFO] - User logged in successfully (RequestID: 4217)
2025-05-28 13:20:10 [INFO] - Service restarted due to unhandled exception (RequestID: 6035)
2025-05-28 13:20:10 [INFO] - Cache invalidated for key 'user_data' (RequestID: 1910)
2025-05-28 13:20:10 [INFO] - API call received with invalid parameters (RequestID: 9649)
2025-05-28 13:20:10 [ERROR] - API call received with invalid parameters (RequestID: 3244)
2025-05-28 13:20:10 [WARN] - File not found in specified directory (RequestID: 9043)
2025-05-28 13:20:10 [INFO] - Resource limit exceeded for process (RequestID: 2229)
2025-05-28 13:20:10 [WARN] - Processing batch of 100 items (RequestID: 2996)
2025-05-28 13:20:10 [WARN] - User logged in successfully (RequestID: 8121)
2025-05-28 13:20:10 [INFO] - Configuration reloaded successfully (RequestID: 1540)
2025-05-28 13:20:10 [INFO] - Processing batch of 100 items (RequestID: 2042)
2025-05-28 13:20:10 [INFO] - Authentication failed for user 'guest' (RequestID: 5019)
2025-05-28 13:20:10 [WARN] - Processing batch of 100 items (RequestID: 2055)
2025-05-28 13:20:10 [WARN] - Resource limit exceeded for process (RequestID: 6233)
2025-05-28 13:20:10 [ERROR] - Cache invalidated for key 'user_data' (RequestID: 6276)
2025-05-28 13:20:10 [WARN] - API call received with invalid parameters (RequestID: 7601)
2025-05-28 13:20:10 [ERROR] - API call received with invalid parameters (RequestID: 3502)
2025-05-28 13:20:10 [INFO] - Service restarted due to unhandled exception (RequestID: 3138)
2025-05-28 13:20:10 [ERROR] - Service restarted due to unhandled exception (RequestID: 3408)
2025-05-28 13:20:10 [INFO] - Database connection error: Could not connect to primary replica (RequestID: 3924)
2025-05-28 13:20:10 [WARN] - File not found in specified directory (RequestID: 7604)
2025-05-28 13:20:10 [INFO] - Configuration reloaded successfully (RequestID: 9027)
2025-05-28 13:20:10 [WARN] - Resource limit exceeded for process (RequestID: 4223)
2025-05-28 13:20:10 [ERROR] - Resource limit exceeded for process (RequestID: 2069)
2025-05-28 13:20:10 [WARN] - Cache invalidated for key 'user_data' (RequestID: 4473)
2025-05-28 13:20:10 [WARN] - API call received with invalid parameters (RequestID: 1529)
2025-05-28 13:20:10 [WARN] - Resource limit exceeded for process (RequestID: 1277)
2025-05-28 13:20:10 [ERROR] - Resource limit exceeded for process (RequestID: 3872)
2025-05-28 13:20:10 [INFO] - Service restarted due to unhandled exception (RequestID: 9607)
2025-05-28 13:20:10 [INFO] - User logged in successfully (RequestID: 6062)
2025-05-28 13:20:10 [ERROR] - Authentication failed for user 'guest' (RequestID: 2088)
2025-05-28 13:20:10 [ERROR] - Service restarted due to unhandled exception (RequestID: 6292)
2025-05-28 13:20:10 [WARN] - User logged in successfully (RequestID: 9447)
2025-05-28 13:20:10 [WARN] - Resource limit exceeded for process (RequestID: 9346)
2025-05-28 13:20:10 [INFO] - Authentication failed for user 'guest' (RequestID: 4080)
2025-05-28 13:20:10 [ERROR] - Service restarted due to unhandled exception (RequestID: 2966)
2025-05-28 13:20:10 [INFO] - Service restarted due to unhandled exception (RequestID: 2985)
2025-05-28 13:20:10 [ERROR] - File not found in specified directory (RequestID: 6482)
2025-05-28 13:20:10 [INFO] - Processing batch of 100 items (RequestID: 2727)
2025-05-28 13:20:10 [WARN] - Authentication failed for user 'guest' (RequestID: 3443)
2025-05-28 13:20:10 [WARN] - Configuration reloaded successfully (RequestID: 6752)
2025-05-28 13:20:10 [WARN] - Resource limit exceeded for process (RequestID: 8087)
2025-05-28 13:20:10 [INFO] - Configuration reloaded successfully (RequestID: 8093)
2025-05-28 13:20:10 [INFO] - Resource limit exceeded for process (RequestID: 6896)
2025-05-28 13:20:10 [INFO] - Authentication failed for user 'guest' (RequestID: 7669)
2025-05-28 13:20:10 [WARN] - User logged in successfully (RequestID: 7724)
2025-05-28 13:20:10 [WARN] - Configuration reloaded successfully (RequestID: 2120)
2025-05-28 13:20:10 [WARN] - File not found in specified directory (RequestID: 2279)
2025-05-28 13:20:10 [ERROR] - Authentication failed for user 'guest' (RequestID: 3961)
2025-05-28 13:20:10 [WARN] - API call received with invalid parameters (RequestID: 2951)
2025-05-28 13:20:10 [WARN] - File not found in specified directory (RequestID: 6014)
2025-05-28 13:20:10 [ERROR] - API call received with invalid parameters (RequestID: 2153)
2025-05-28 13:20:10 [ERROR] - Authentication failed for user 'guest' (RequestID: 5923)
2025-05-28 13:20:10 [WARN] - User logged in successfully (RequestID: 4542)
2025-05-28 13:20:10 [ERROR] - User logged in successfully (RequestID: 5086)
2025-05-28 13:20:10 [WARN] - Authentication failed for user 'guest' (RequestID: 7122)
2025-05-28 13:20:10 [WARN] - File not found in specified directory (RequestID: 1817)
2025-05-28 13:20:10 [ERROR] - User logged in successfully (RequestID: 9101)
2025-05-28 13:20:10 [WARN] - Resource limit exceeded for process (RequestID: 9450)
2025-05-28 13:20:10 [INFO] - Cache invalidated for key 'user_data' (RequestID: 7283)
2025-05-28 13:20:10 [INFO] - User logged in successfully (RequestID: 8244)
2025-05-28 13:20:10 [WARN] - File not found in specified directory (RequestID: 4505)
2025-05-28 13:20:10 [INFO] - Processing batch of 100 items (RequestID: 4747)
2025-05-28 13:20:10 [ERROR] - Service restarted due to unhandled exception (RequestID: 5363)
2025-05-28 13:20:10 [INFO] - Resource limit exceeded for process (RequestID: 1360)
2025-05-28 13:20:10 [INFO] - Database connection error: Could not connect to primary replica (RequestID: 5976)
2025-05-28 13:20:10 [ERROR] - Authentication failed for user 'guest' (RequestID: 2767)
2025-05-28 13:20:10 [INFO] - API call received with invalid parameters (RequestID: 4233)
2025-05-28 13:20:10 [INFO] - Resource limit exceeded for process (RequestID: 3291)
2025-05-28 13:20:10 [ERROR] - Resource limit exceeded for process (RequestID: 6726)
2025-05-28 13:20:10 [WARN] - Processing batch of 100 items (RequestID: 5603)
2025-05-28 13:20:10 [ERROR] - Cache invalidated for key 'user_data' (RequestID: 8272)
2025-05-28 13:20:10 [WARN] - Database connection error: Could not connect to primary replica (RequestID: 3472)